TN:
SF:action/src/comment-handler.ts
FN:20,handleComment
FN:101,(anonymous_1)
FN:106,(anonymous_2)
FN:148,(anonymous_3)
FN:176,(anonymous_4)
FN:189,(anonymous_5)
FN:226,(anonymous_6)
FN:256,injectInputsToEnv
FNF:8
FNH:0
FNDA:0,handleComment
FNDA:0,(anonymous_1)
FNDA:0,(anonymous_2)
FNDA:0,(anonymous_3)
FNDA:0,(anonymous_4)
FNDA:0,(anonymous_5)
FNDA:0,(anonymous_6)
FNDA:0,injectInputsToEnv
DA:21,0
DA:22,0
DA:24,0
DA:25,0
DA:26,0
DA:29,0
DA:30,0
DA:31,0
DA:32,0
DA:33,0
DA:34,0
DA:35,0
DA:36,0
DA:39,0
DA:40,0
DA:41,0
DA:45,0
DA:47,0
DA:48,0
DA:49,0
DA:50,0
DA:52,0
DA:53,0
DA:54,0
DA:55,0
DA:57,0
DA:61,0
DA:63,0
DA:64,0
DA:67,0
DA:70,0
DA:71,0
DA:72,0
DA:77,0
DA:78,0
DA:79,0
DA:80,0
DA:81,0
DA:83,0
DA:89,0
DA:101,0
DA:106,0
DA:107,0
DA:110,0
DA:111,0
DA:114,0
DA:119,0
DA:120,0
DA:121,0
DA:123,0
DA:127,0
DA:128,0
DA:129,0
DA:131,0
DA:132,0
DA:133,0
DA:134,0
DA:136,0
DA:148,0
DA:153,0
DA:155,0
DA:156,0
DA:158,0
DA:160,0
DA:161,0
DA:163,0
DA:167,0
DA:168,0
DA:169,0
DA:170,0
DA:172,0
DA:173,0
DA:175,0
DA:176,0
DA:178,0
DA:180,0
DA:184,0
DA:185,0
DA:186,0
DA:187,0
DA:188,0
DA:189,0
DA:191,0
DA:192,0
DA:193,0
DA:195,0
DA:197,0
DA:201,0
DA:202,0
DA:203,0
DA:204,0
DA:205,0
DA:206,0
DA:208,0
DA:214,0
DA:226,0
DA:231,0
DA:238,0
DA:245,0
DA:247,0
DA:248,0
DA:249,0
DA:257,0
DA:267,0
DA:268,0
DA:269,0
DA:270,0
LF:107
LH:0
BRDA:24,0,0,0
BRDA:24,0,1,0
BRDA:24,1,0,0
BRDA:24,1,1,0
BRDA:31,2,0,0
BRDA:31,2,1,0
BRDA:33,3,0,0
BRDA:33,3,1,0
BRDA:39,4,0,0
BRDA:39,4,1,0
BRDA:39,5,0,0
BRDA:39,5,1,0
BRDA:45,6,0,0
BRDA:45,6,1,0
BRDA:47,7,0,0
BRDA:47,7,1,0
BRDA:70,8,0,0
BRDA:70,8,1,0
BRDA:110,9,0,0
BRDA:110,9,1,0
BRDA:119,10,0,0
BRDA:119,10,1,0
BRDA:127,11,0,0
BRDA:127,11,1,0
BRDA:155,12,0,0
BRDA:155,12,1,0
BRDA:160,13,0,0
BRDA:160,13,1,0
BRDA:167,14,0,0
BRDA:167,14,1,0
BRDA:172,15,0,0
BRDA:172,15,1,0
BRDA:184,16,0,0
BRDA:184,16,1,0
BRDA:191,17,0,0
BRDA:191,17,1,0
BRDA:247,18,0,0
BRDA:247,18,1,0
BRDA:269,19,0,0
BRDA:269,19,1,0
BRF:40
BRH:0
end_of_record
TN:
SF:action/src/index.ts
FN:7,run
FNF:1
FNH:0
FNDA:0,run
DA:8,0
DA:9,0
DA:10,0
DA:12,0
DA:14,0
DA:15,0
DA:16,0
DA:18,0
DA:19,0
DA:20,0
DA:23,0
DA:25,0
DA:28,0
DA:29,0
DA:30,0
DA:33,0
DA:35,0
DA:38,0
DA:39,0
DA:43,0
LF:20
LH:0
BRDA:14,0,0,0
BRDA:14,0,1,0
BRDA:18,1,0,0
BRDA:18,1,1,0
BRDA:18,2,0,0
BRDA:18,2,1,0
BRDA:25,3,0,0
BRDA:25,3,1,0
BRDA:25,4,0,0
BRDA:25,4,1,0
BRDA:28,5,0,0
BRDA:28,5,1,0
BRDA:38,6,0,0
BRDA:38,6,1,0
BRF:14
BRH:0
end_of_record
TN:
SF:action/src/pr-handler.ts
FN:14,handlePullRequest
FN:78,(anonymous_1)
FN:111,injectInputsToEnv
FNF:3
FNH:0
FNDA:0,handlePullRequest
FNDA:0,(anonymous_1)
FNDA:0,injectInputsToEnv
DA:15,0
DA:16,0
DA:18,0
DA:19,0
DA:20,0
DA:23,0
DA:24,0
DA:25,0
DA:26,0
DA:28,0
DA:31,0
DA:32,0
DA:33,0
DA:34,0
DA:38,0
DA:39,0
DA:40,0
DA:44,0
DA:46,0
DA:47,0
DA:50,0
DA:55,0
DA:56,0
DA:57,0
DA:58,0
DA:61,0
DA:62,0
DA:63,0
DA:66,0
DA:78,0
DA:83,0
DA:86,0
DA:87,0
DA:91,0
DA:93,0
DA:95,0
DA:96,0
DA:99,0
DA:104,0
DA:112,0
DA:122,0
DA:123,0
DA:124,0
DA:125,0
LF:44
LH:0
BRDA:18,0,0,0
BRDA:18,0,1,0
BRDA:32,1,0,0
BRDA:32,1,1,0
BRDA:32,2,0,0
BRDA:32,2,1,0
BRDA:38,3,0,0
BRDA:38,3,1,0
BRDA:38,4,0,0
BRDA:38,4,1,0
BRDA:61,5,0,0
BRDA:61,5,1,0
BRDA:62,6,0,0
BRDA:62,6,1,0
BRDA:86,7,0,0
BRDA:86,7,1,0
BRDA:95,8,0,0
BRDA:95,8,1,0
BRDA:124,9,0,0
BRDA:124,9,1,0
BRF:20
BRH:0
end_of_record
TN:
SF:cli/src/formatter.ts
FN:14,formatText
FN:44,formatMarkdown
FN:97,formatJSON
FNF:3
FNH:0
FNDA:0,formatText
FNDA:0,formatMarkdown
FNDA:0,formatJSON
DA:7,0
DA:15,0
DA:17,0
DA:18,0
DA:19,0
DA:21,0
DA:22,0
DA:23,0
DA:26,0
DA:27,0
DA:28,0
DA:29,0
DA:30,0
DA:31,0
DA:32,0
DA:34,0
DA:37,0
DA:45,0
DA:47,0
DA:48,0
DA:49,0
DA:50,0
DA:51,0
DA:52,0
DA:53,0
DA:54,0
DA:55,0
DA:56,0
DA:57,0
DA:59,0
DA:60,0
DA:61,0
DA:65,0
DA:66,0
DA:67,0
DA:68,0
DA:69,0
DA:72,0
DA:73,0
DA:74,0
DA:75,0
DA:76,0
DA:77,0
DA:78,0
DA:79,0
DA:80,0
DA:81,0
DA:82,0
DA:83,0
DA:84,0
DA:86,0
DA:90,0
DA:98,0
LF:53
LH:0
BRDA:21,0,0,0
BRDA:21,0,1,0
BRDA:27,1,0,0
BRDA:27,1,1,0
BRDA:28,2,0,0
BRDA:28,2,1,0
BRDA:31,3,0,0
BRDA:31,3,1,0
BRDA:59,4,0,0
BRDA:59,4,1,0
BRDA:67,5,0,0
BRDA:67,5,1,0
BRDA:73,6,0,0
BRDA:73,6,1,0
BRDA:80,7,0,0
BRDA:80,7,1,0
BRF:16
BRH:0
end_of_record
TN:
SF:cli/src/main.ts
FNF:0
FNH:0
DA:10,0
DA:12,0
DA:17,0
DA:18,0
DA:19,0
DA:20,0
DA:23,0
DA:25,0
DA:26,0
DA:28,0
DA:29,0
DA:31,0
DA:32,0
DA:35,0
DA:36,0
DA:37,0
LF:16
LH:0
BRDA:28,0,0,0
BRDA:28,0,1,0
BRDA:28,1,0,0
BRDA:28,1,1,0
BRDA:31,2,0,0
BRDA:31,2,1,0
BRDA:31,3,0,0
BRDA:31,3,1,0
BRDA:35,4,0,0
BRDA:35,4,1,0
BRF:10
BRH:0
end_of_record
TN:
SF:cli/src/commands/.gitkeep
FNF:0
FNH:0
LF:0
LH:0
BRF:0
BRH:0
end_of_record
TN:
SF:cli/src/commands/ask.ts
FN:11,registerAskCommand
FN:17,(anonymous_1)
FN:32,(anonymous_2)
FN:60,(anonymous_3)
FN:120,(anonymous_4)
FNF:5
FNH:0
FNDA:0,registerAskCommand
FNDA:0,(anonymous_1)
FNDA:0,(anonymous_2)
FNDA:0,(anonymous_3)
FNDA:0,(anonymous_4)
DA:12,0
DA:18,0
DA:19,0
DA:20,0
DA:21,0
DA:23,0
DA:24,0
DA:27,0
DA:28,0
DA:29,0
DA:30,0
DA:31,0
DA:32,0
DA:34,0
DA:48,0
DA:49,0
DA:52,0
DA:58,0
DA:60,0
DA:61,0
DA:63,0
DA:64,0
DA:65,0
DA:68,0
DA:69,0
DA:70,0
DA:73,0
DA:74,0
DA:75,0
DA:76,0
DA:77,0
DA:80,0
DA:81,0
DA:82,0
DA:83,0
DA:85,0
DA:86,0
DA:89,0
DA:90,0
DA:91,0
DA:93,0
DA:95,0
DA:96,0
DA:100,0
DA:102,0
DA:103,0
DA:104,0
DA:105,0
DA:106,0
DA:107,0
DA:109,0
DA:111,0
DA:113,0
DA:114,0
DA:117,0
DA:120,0
DA:121,0
DA:122,0
DA:125,0
DA:126,0
DA:127,0
LF:61
LH:0
BRDA:27,0,0,0
BRDA:27,0,1,0
BRDA:63,1,0,0
BRDA:63,1,1,0
BRDA:68,2,0,0
BRDA:68,2,1,0
BRDA:68,3,0,0
BRDA:68,3,1,0
BRDA:73,4,0,0
BRDA:73,4,1,0
BRDA:80,5,0,0
BRDA:80,5,1,0
BRDA:82,6,0,0
BRDA:82,6,1,0
BRDA:83,7,0,0
BRDA:83,7,1,0
BRDA:89,8,0,0
BRDA:89,8,1,0
BRDA:90,9,0,0
BRDA:90,9,1,0
BRDA:113,10,0,0
BRDA:113,10,1,0
BRDA:125,11,0,0
BRDA:125,11,1,0
BRF:24
BRH:0
end_of_record
TN:
SF:cli/src/commands/review.ts
FN:15,registerReviewCommand
FN:25,(anonymous_1)
FN:67,(anonymous_2)
FN:87,(anonymous_3)
FNF:4
FNH:0
FNDA:0,registerReviewCommand
FNDA:0,(anonymous_1)
FNDA:0,(anonymous_2)
FNDA:0,(anonymous_3)
DA:16,0
DA:26,0
DA:27,0
DA:28,0
DA:30,0
DA:32,0
DA:35,0
DA:37,0
DA:38,0
DA:41,0
DA:42,0
DA:43,0
DA:45,0
DA:55,0
DA:67,0
DA:75,0
DA:76,0
DA:77,0
DA:80,0
DA:81,0
DA:87,0
DA:88,0
DA:89,0
DA:96,0
DA:97,0
DA:98,0
DA:100,0
DA:108,0
DA:109,0
DA:112,0
DA:113,0
DA:114,0
DA:118,0
DA:120,0
DA:121,0
DA:122,0
DA:123,0
DA:125,0
DA:128,0
DA:130,0
DA:131,0
DA:132,0
LF:42
LH:0
BRDA:30,0,0,0
BRDA:30,0,1,0
BRDA:37,1,0,0
BRDA:37,1,1,0
BRDA:45,2,0,0
BRDA:45,2,1,0
BRDA:75,3,0,0
BRDA:75,3,1,0
BRDA:76,4,0,0
BRDA:76,4,1,0
BRDA:88,5,0,0
BRDA:88,5,1,0
BRDA:108,6,0,0
BRDA:108,6,1,0
BRDA:120,7,0,0
BRDA:120,7,1,0
BRDA:122,8,0,0
BRDA:122,8,1,0
BRDA:130,9,0,0
BRDA:130,9,1,0
BRF:20
BRH:0
end_of_record
TN:
SF:cli/src/commands/serve.ts
FN:3,registerServeCommand
FN:9,(anonymous_1)
FN:17,(anonymous_2)
FN:24,(anonymous_3)
FNF:4
FNH:0
FNDA:0,registerServeCommand
FNDA:0,(anonymous_1)
FNDA:0,(anonymous_2)
FNDA:0,(anonymous_3)
DA:4,0
DA:10,0
DA:12,0
DA:13,0
DA:15,0
DA:17,0
DA:18,0
DA:21,0
DA:22,0
DA:24,0
DA:25,0
DA:26,0
DA:27,0
DA:30,0
DA:31,0
DA:32,0
LF:16
LH:0
BRDA:30,0,0,0
BRDA:30,0,1,0
BRF:2
BRH:0
end_of_record
TN:
SF:cli/src/commands/traces.ts
FN:8,registerTracesCommand
FN:15,(anonymous_1)
FN:65,(anonymous_2)
FN:72,(anonymous_3)
FNF:4
FNH:0
FNDA:0,registerTracesCommand
FNDA:0,(anonymous_1)
FNDA:0,(anonymous_2)
FNDA:0,(anonymous_3)
DA:9,0
DA:16,0
DA:17,0
DA:19,0
DA:20,0
DA:21,0
DA:24,0
DA:26,0
DA:27,0
DA:28,0
DA:29,0
DA:32,0
DA:33,0
DA:35,0
DA:36,0
DA:37,0
DA:38,0
DA:39,0
DA:40,0
DA:41,0
DA:43,0
DA:44,0
DA:45,0
DA:46,0
DA:47,0
DA:48,0
DA:49,0
DA:50,0
DA:51,0
DA:52,0
DA:53,0
DA:55,0
DA:56,0
DA:57,0
DA:60,0
DA:64,0
DA:65,0
DA:69,0
DA:71,0
DA:72,0
DA:73,0
DA:76,0
DA:77,0
DA:78,0
DA:81,0
DA:82,0
DA:83,0
DA:87,0
DA:88,0
DA:89,0
DA:90,0
DA:93,0
DA:94,0
DA:95,0
DA:99,0
DA:100,0
DA:101,0
LF:57
LH:0
BRDA:19,0,0,0
BRDA:19,0,1,0
BRDA:24,1,0,0
BRDA:24,1,1,0
BRDA:26,2,0,0
BRDA:26,2,1,0
BRDA:27,3,0,0
BRDA:27,3,1,0
BRDA:43,4,0,0
BRDA:43,4,1,0
BRDA:45,5,0,0
BRDA:45,5,1,0
BRDA:47,6,0,0
BRDA:47,6,1,0
BRDA:50,7,0,0
BRDA:50,7,1,0
BRDA:52,8,0,0
BRDA:52,8,1,0
BRDA:55,9,0,0
BRDA:55,9,1,0
BRDA:69,10,0,0
BRDA:69,10,1,0
BRDA:76,11,0,0
BRDA:76,11,1,0
BRDA:88,12,0,0
BRDA:88,12,1,0
BRDA:99,13,0,0
BRDA:99,13,1,0
BRF:28
BRH:0
end_of_record
TN:
SF:core/src/index.ts
FNF:0
FNH:0
DA:2,0
LF:1
LH:0
BRF:0
BRH:0
end_of_record
TN:
SF:core/src/chat/.gitkeep
FNF:0
FNH:0
LF:0
LH:0
BRF:0
BRH:0
end_of_record
TN:
SF:core/src/chat/chat-handler.ts
FN:39,handleChatMention
FN:75,(anonymous_1)
FN:87,extractQuestion
FN:92,loadThreadHistory
FN:98,(anonymous_4)
FN:107,buildChatMessages
FN:151,validateAnswerCitations
FNF:7
FNH:6
FNDA:7,handleChatMention
FNDA:6,(anonymous_1)
FNDA:5,extractQuestion
FNDA:4,loadThreadHistory
FNDA:0,(anonymous_4)
FNDA:4,buildChatMessages
FNDA:3,validateAnswerCitations
DA:31,1
DA:32,1
DA:41,7
DA:42,7
DA:43,2
DA:47,5
DA:48,5
DA:51,4
DA:54,4
DA:57,4
DA:58,4
DA:59,4
DA:60,9
DA:64,4
DA:67,3
DA:70,3
DA:73,3
DA:74,3
DA:75,6
DA:79,3
DA:80,3
DA:88,5
DA:89,5
DA:96,4
DA:97,4
DA:98,4
DA:103,0
DA:113,4
DA:127,4
DA:128,0
DA:131,4
DA:136,4
DA:137,4
DA:138,0
DA:139,0
DA:143,4
DA:148,4
DA:153,3
DA:154,3
DA:157,3
DA:158,0
DA:162,3
DA:163,3
DA:165,3
DA:166,0
DA:168,0
DA:172,3
LF:47
LH:40
BRDA:41,0,0,7
BRDA:41,0,1,6
BRDA:42,1,0,2
BRDA:42,1,1,5
BRDA:48,2,0,1
BRDA:48,2,1,4
BRDA:64,3,0,1
BRDA:64,3,1,3
BRDA:73,4,0,3
BRDA:73,4,1,0
BRDA:89,5,0,4
BRDA:89,5,1,1
BRDA:127,6,0,0
BRDA:127,6,1,4
BRDA:138,7,0,0
BRDA:138,7,1,0
BRDA:166,8,0,0
BRDA:166,8,1,0
BRF:18
BRH:12
end_of_record
TN:
SF:core/src/chat/suggestions.ts
FN:13,generateSuggestions
FN:38,(anonymous_1)
FN:49,(anonymous_2)
FN:50,(anonymous_3)
FNF:4
FNH:4
FNDA:6,generateSuggestions
FNDA:10,(anonymous_1)
FNDA:17,(anonymous_2)
FNDA:17,(anonymous_3)
DA:14,6
DA:16,5
DA:18,5
DA:36,5
DA:37,5
DA:38,10
DA:45,4
DA:47,6
DA:49,17
DA:50,17
DA:53,6
DA:55,1
LF:12
LH:12
BRDA:14,0,0,1
BRDA:14,0,1,5
BRDA:45,1,0,4
BRDA:45,1,1,0
BRDA:50,2,0,17
BRDA:50,2,1,17
BRF:6
BRH:5
end_of_record
TN:
SF:core/src/config/.gitkeep
FNF:0
FNH:0
LF:0
LH:0
BRF:0
BRH:0
end_of_record
TN:
SF:core/src/config/env.ts
FN:8,envString
FN:12,envInt
FN:19,envFloat
FN:26,envBool
FN:32,envStringArray
FN:37,(anonymous_5)
FN:38,(anonymous_6)
FN:41,expandHome
FN:92,loadConfig
FN:134,validateConfig
FNF:10
FNH:10
FNDA:250,envString
FNDA:125,envInt
FNDA:25,envFloat
FNDA:150,envBool
FNDA:50,envStringArray
FNDA:4,(anonymous_5)
FNDA:4,(anonymous_6)
FNDA:25,expandHome
FNDA:25,loadConfig
FNDA:4,validateConfig
DA:6,7
DA:9,250
DA:13,125
DA:14,125
DA:15,3
DA:16,3
DA:20,25
DA:21,25
DA:22,1
DA:23,1
DA:27,150
DA:28,150
DA:29,6
DA:33,50
DA:34,50
DA:35,2
DA:37,4
DA:38,4
DA:42,25
DA:43,25
DA:45,0
DA:93,25
DA:95,25
DA:96,25
DA:98,25
DA:135,4
DA:136,4
DA:137,1
DA:144,7
LF:29
LH:28
BRDA:9,0,0,250
BRDA:9,0,1,230
BRDA:14,1,0,122
BRDA:14,1,1,3
BRDA:16,2,0,1
BRDA:16,2,1,2
BRDA:21,3,0,24
BRDA:21,3,1,1
BRDA:23,4,0,0
BRDA:23,4,1,1
BRDA:28,5,0,144
BRDA:28,5,1,6
BRDA:28,6,0,150
BRDA:28,6,1,6
BRDA:29,7,0,6
BRDA:29,7,1,5
BRDA:29,7,2,4
BRDA:34,8,0,48
BRDA:34,8,1,2
BRDA:42,9,0,25
BRDA:42,9,1,0
BRDA:42,10,0,25
BRDA:42,10,1,0
BRDA:96,11,0,1
BRDA:96,11,1,24
BRDA:135,12,0,4
BRDA:135,12,1,1
BRDA:135,12,2,1
BRDA:136,13,0,1
BRDA:136,13,1,3
BRF:30
BRH:27
end_of_record
TN:
SF:core/src/config/instructions.ts
FN:51,getFileName
FN:56,getDepth
FN:61,getPriority
FN:65,findInstructionFiles
FN:98,(anonymous_4)
FN:106,loadInstructions
FNF:6
FNH:6
FNDA:19,getFileName
FNDA:19,getDepth
FNDA:24,getPriority
FNDA:13,findInstructionFiles
FNDA:13,(anonymous_4)
FNDA:7,loadInstructions
DA:6,1
DA:15,1
DA:27,1
DA:28,1
DA:29,1
DA:52,19
DA:53,19
DA:57,19
DA:58,5
DA:62,24
DA:66,13
DA:68,13
DA:74,13
DA:76,13
DA:77,19
DA:78,19
DA:79,19
DA:82,19
DA:83,19
DA:85,0
DA:88,19
DA:98,13
DA:99,13
DA:100,12
DA:103,13
DA:107,7
DA:109,7
DA:110,7
DA:112,7
DA:114,7
DA:115,9
DA:117,8
DA:119,8
DA:121,9
DA:122,5
DA:124,3
DA:125,3
DA:126,3
DA:127,3
DA:130,8
DA:133,7
DA:134,7
DA:135,2
DA:138,7
LF:44
LH:43
BRDA:57,0,0,14
BRDA:57,0,1,5
BRDA:57,1,0,19
BRDA:57,1,1,19
BRDA:62,2,0,24
BRDA:62,2,1,0
BRDA:99,3,0,1
BRDA:99,3,1,12
BRDA:115,4,0,1
BRDA:115,4,1,8
BRDA:119,5,0,1
BRDA:119,5,1,7
BRDA:121,6,0,5
BRDA:121,6,1,3
BRDA:125,7,0,3
BRDA:125,7,1,2
BRF:16
BRH:15
end_of_record
TN:
SF:core/src/github/.gitkeep
FNF:0
FNH:0
LF:0
LH:0
BRF:0
BRH:0
end_of_record
TN:
SF:core/src/github/client.ts
FN:43,parsePRUrl
FN:59,attachAuthErrorInterceptor
FN:60,(anonymous_2)
FN:99,attachRateLimitInterceptor
FN:100,(anonymous_4)
FN:104,(anonymous_5)
FN:111,attachRetryInterceptor
FN:112,(anonymous_7)
FN:123,(anonymous_8)
FN:137,(anonymous_9)
FN:161,(anonymous_10)
FN:176,(anonymous_11)
FN:193,(anonymous_12)
FN:209,(anonymous_13)
FN:241,(anonymous_14)
FN:250,(anonymous_15)
FN:262,(anonymous_16)
FN:273,(anonymous_17)
FN:274,(anonymous_18)
FN:283,(anonymous_19)
FN:288,(anonymous_20)
FN:289,(anonymous_21)
FNF:22
FNH:17
FNDA:4,parsePRUrl
FNDA:9,attachAuthErrorInterceptor
FNDA:0,(anonymous_2)
FNDA:9,attachRateLimitInterceptor
FNDA:0,(anonymous_4)
FNDA:0,(anonymous_5)
FNDA:9,attachRetryInterceptor
FNDA:0,(anonymous_7)
FNDA:0,(anonymous_8)
FNDA:9,(anonymous_9)
FNDA:1,(anonymous_10)
FNDA:1,(anonymous_11)
FNDA:1,(anonymous_12)
FNDA:2,(anonymous_13)
FNDA:1,(anonymous_14)
FNDA:1,(anonymous_15)
FNDA:2,(anonymous_16)
FNDA:3,(anonymous_17)
FNDA:2,(anonymous_18)
FNDA:1,(anonymous_19)
FNDA:3,(anonymous_20)
FNDA:2,(anonymous_21)
DA:41,1
DA:44,4
DA:45,4
DA:46,2
DA:48,2
DA:60,9
DA:61,0
DA:62,0
DA:64,0
DA:65,0
DA:73,0
DA:74,0
DA:84,0
DA:85,0
DA:95,0
DA:100,9
DA:101,0
DA:102,0
DA:103,0
DA:104,0
DA:105,0
DA:107,0
DA:112,9
DA:113,0
DA:114,0
DA:116,0
DA:117,0
DA:119,0
DA:120,0
DA:122,0
DA:123,0
DA:124,0
DA:138,9
DA:139,9
DA:143,9
DA:145,9
DA:155,9
DA:156,9
DA:157,9
DA:162,0
DA:163,0
DA:164,0
DA:172,0
DA:177,0
DA:178,0
DA:179,0
DA:180,0
DA:188,0
DA:194,1
DA:195,1
DA:210,2
DA:211,2
DA:212,2
DA:214,2
DA:215,3
DA:220,3
DA:221,101
DA:232,3
DA:233,1
DA:236,2
DA:242,1
DA:245,1
DA:251,1
DA:255,1
DA:266,2
DA:272,2
DA:273,3
DA:274,2
DA:284,1
DA:287,1
DA:288,3
DA:289,2
LF:72
LH:39
BRDA:45,0,0,2
BRDA:45,0,1,2
BRDA:62,1,0,0
BRDA:62,1,1,0
BRDA:64,2,0,0
BRDA:64,2,1,0
BRDA:73,3,0,0
BRDA:73,3,1,0
BRDA:73,4,0,0
BRDA:73,4,1,0
BRDA:84,5,0,0
BRDA:84,5,1,0
BRDA:84,6,0,0
BRDA:84,6,1,0
BRDA:84,6,2,0
BRDA:101,7,0,0
BRDA:101,7,1,0
BRDA:101,8,0,0
BRDA:101,8,1,0
BRDA:111,9,0,9
BRDA:114,10,0,0
BRDA:114,10,1,0
BRDA:116,11,0,0
BRDA:116,11,1,0
BRDA:117,12,0,0
BRDA:117,12,1,0
BRDA:117,13,0,0
BRDA:117,13,1,0
BRDA:119,14,0,0
BRDA:119,14,1,0
BRDA:120,15,0,0
BRDA:120,15,1,0
BRDA:143,16,0,0
BRDA:143,16,1,9
BRDA:162,17,0,0
BRDA:162,17,1,0
BRDA:163,18,0,0
BRDA:163,18,1,0
BRDA:178,19,0,0
BRDA:178,19,1,0
BRDA:178,19,2,0
BRDA:179,20,0,0
BRDA:179,20,1,0
BRDA:198,21,0,1
BRDA:198,21,1,0
BRDA:200,22,0,1
BRDA:200,22,1,0
BRDA:232,23,0,2
BRDA:232,23,1,1
BRDA:255,24,0,1
BRDA:255,24,1,0
BRDA:264,25,0,2
BRDA:277,26,0,2
BRDA:277,26,1,1
BRF:54
BRH:12
end_of_record
TN:
SF:core/src/github/comments.ts
FN:18,(anonymous_0)
FN:24,(anonymous_1)
FN:27,(anonymous_2)
FN:47,(anonymous_3)
FN:65,(anonymous_4)
FN:73,(anonymous_5)
FN:82,(anonymous_6)
FNF:7
FNH:7
FNDA:7,(anonymous_0)
FNDA:2,(anonymous_1)
FNDA:2,(anonymous_2)
FNDA:3,(anonymous_3)
FNDA:1,(anonymous_4)
FNDA:1,(anonymous_5)
FNDA:3,(anonymous_6)
DA:11,1
DA:18,7
DA:25,2
DA:27,2
DA:34,1
DA:48,3
DA:49,3
DA:51,3
DA:52,2
DA:57,1
DA:66,1
DA:74,1
DA:83,3
DA:84,3
DA:86,3
DA:87,4
DA:92,4
DA:93,104
DA:94,2
DA:98,2
DA:99,1
DA:102,1
LF:22
LH:22
BRDA:25,0,0,1
BRDA:25,0,1,1
BRDA:51,1,0,2
BRDA:51,1,1,1
BRDA:93,2,0,2
BRDA:93,2,1,102
BRDA:93,3,0,104
BRDA:93,3,1,104
BRDA:98,4,0,1
BRDA:98,4,1,1
BRF:10
BRH:10
end_of_record
TN:
SF:core/src/github/diff.ts
FN:47,parseDiff
FN:139,tokenize
FN:152,jaccardSimilarity
FN:164,detectMovesAndCopies
FN:174,(anonymous_4)
FN:178,(anonymous_5)
FN:192,(anonymous_6)
FN:212,matchGlob
FN:228,matchesAnyGlob
FN:229,(anonymous_9)
FN:232,filterDiffs
FN:240,(anonymous_11)
FNF:12
FNH:12
FNDA:9,parseDiff
FNDA:5,tokenize
FNDA:2,jaccardSimilarity
FNDA:2,detectMovesAndCopies
FNDA:6,(anonymous_4)
FNDA:7,(anonymous_5)
FNDA:2,(anonymous_6)
FNDA:11,matchGlob
FNDA:11,matchesAnyGlob
FNDA:11,(anonymous_9)
FNDA:4,filterDiffs
FNDA:12,(anonymous_11)
DA:40,1
DA:41,1
DA:42,1
DA:43,1
DA:44,1
DA:45,1
DA:48,9
DA:49,9
DA:51,9
DA:52,9
DA:53,9
DA:54,9
DA:56,9
DA:58,102
DA:59,102
DA:60,12
DA:61,12
DA:68,12
DA:69,12
DA:72,90
DA:75,89
DA:76,3
DA:77,3
DA:79,86
DA:80,1
DA:81,1
DA:84,85
DA:85,85
DA:86,1
DA:87,1
DA:88,1
DA:90,84
DA:91,84
DA:92,1
DA:93,1
DA:97,83
DA:98,83
DA:99,12
DA:106,12
DA:107,12
DA:108,12
DA:109,12
DA:112,71
DA:115,34
DA:116,17
DA:117,17
DA:118,17
DA:119,17
DA:120,14
DA:121,14
DA:122,14
DA:123,3
DA:124,3
DA:125,3
DA:126,3
DA:131,9
DA:132,9
DA:140,5
DA:141,5
DA:143,5
DA:144,55
DA:146,5
DA:147,60
DA:149,5
DA:153,2
DA:154,2
DA:156,2
DA:157,2
DA:158,45
DA:160,2
DA:161,2
DA:165,2
DA:166,2
DA:169,2
DA:170,2
DA:172,2
DA:173,3
DA:174,6
DA:175,2
DA:177,3
DA:178,7
DA:179,3
DA:184,2
DA:185,2
DA:186,3
DA:188,1
DA:189,1
DA:192,1
DA:193,2
DA:196,1
DA:205,2
DA:214,11
DA:219,11
DA:225,11
DA:229,11
DA:237,4
DA:238,4
DA:240,4
DA:241,12
DA:242,9
DA:243,7
LF:101
LH:101
BRDA:59,0,0,12
BRDA:59,0,1,90
BRDA:60,1,0,4
BRDA:60,1,1,8
BRDA:72,2,0,1
BRDA:72,2,1,89
BRDA:75,3,0,3
BRDA:75,3,1,86
BRDA:79,4,0,1
BRDA:79,4,1,85
BRDA:85,5,0,1
BRDA:85,5,1,84
BRDA:91,6,0,1
BRDA:91,6,1,83
BRDA:98,7,0,12
BRDA:98,7,1,71
BRDA:101,8,0,12
BRDA:101,8,1,5
BRDA:103,9,0,12
BRDA:103,9,1,6
BRDA:112,10,0,37
BRDA:112,10,1,34
BRDA:115,11,0,17
BRDA:115,11,1,17
BRDA:119,12,0,14
BRDA:119,12,1,3
BRDA:123,13,0,3
BRDA:123,13,1,0
BRDA:131,14,0,8
BRDA:131,14,1,1
BRDA:147,15,0,60
BRDA:147,15,1,0
BRDA:153,16,0,0
BRDA:153,16,1,2
BRDA:153,17,0,2
BRDA:153,17,1,0
BRDA:154,18,0,0
BRDA:154,18,1,2
BRDA:154,19,0,2
BRDA:154,19,1,2
BRDA:158,20,0,43
BRDA:158,20,1,2
BRDA:161,21,0,0
BRDA:161,21,1,2
BRDA:165,22,0,2
BRDA:165,22,1,0
BRDA:173,23,0,2
BRDA:173,23,1,1
BRDA:177,24,0,3
BRDA:177,24,1,0
BRDA:186,25,0,2
BRDA:186,25,1,1
BRDA:189,26,0,0
BRDA:189,26,1,1
BRDA:193,27,0,2
BRDA:193,27,1,1
BRDA:197,28,0,0
BRDA:197,28,1,1
BRDA:237,29,0,4
BRDA:237,29,1,0
BRDA:238,30,0,4
BRDA:238,30,1,0
BRDA:241,31,0,3
BRDA:241,31,1,9
BRDA:241,32,0,12
BRDA:241,32,1,6
BRDA:242,33,0,2
BRDA:242,33,1,7
BRDA:242,34,0,9
BRDA:242,34,1,5
BRF:70
BRH:58
end_of_record
TN:
SF:core/src/learnings/.gitkeep
FNF:0
FNH:0
LF:0
LH:0
BRF:0
BRH:0
end_of_record
TN:
SF:core/src/learnings/learnings-store.ts
FN:35,containsTrigger
FN:37,(anonymous_1)
FN:50,(anonymous_2)
FN:62,(anonymous_3)
FN:80,(anonymous_4)
FN:85,(anonymous_5)
FN:86,(anonymous_6)
FN:91,(anonymous_7)
FN:96,(anonymous_8)
FN:97,(anonymous_9)
FN:106,(anonymous_10)
FN:112,(anonymous_11)
FN:127,(anonymous_12)
FN:136,(anonymous_13)
FN:141,(anonymous_14)
FN:142,(anonymous_15)
FN:146,(anonymous_16)
FN:149,(anonymous_17)
FN:150,(anonymous_18)
FN:166,formatLearningsForPrompt
FNF:20
FNH:16
FNDA:6,containsTrigger
FNDA:20,(anonymous_1)
FNDA:8,(anonymous_2)
FNDA:7,(anonymous_3)
FNDA:5,(anonymous_4)
FNDA:1,(anonymous_5)
FNDA:2,(anonymous_6)
FNDA:0,(anonymous_7)
FNDA:1,(anonymous_8)
FNDA:1,(anonymous_9)
FNDA:1,(anonymous_10)
FNDA:8,(anonymous_11)
FNDA:9,(anonymous_12)
FNDA:7,(anonymous_13)
FNDA:50,(anonymous_14)
FNDA:0,(anonymous_15)
FNDA:50,(anonymous_16)
FNDA:0,(anonymous_17)
FNDA:0,(anonymous_18)
FNDA:3,formatLearningsForPrompt
DA:24,1
DA:36,6
DA:37,20
DA:44,1
DA:48,8
DA:51,8
DA:52,8
DA:53,1
DA:56,8
DA:57,8
DA:58,8
DA:63,7
DA:65,7
DA:74,7
DA:75,7
DA:76,7
DA:81,5
DA:86,2
DA:87,1
DA:92,0
DA:97,1
DA:98,1
DA:99,1
DA:100,1
DA:101,1
DA:107,1
DA:113,8
DA:114,1
DA:115,1
DA:118,7
DA:119,7
DA:120,7
DA:121,7
DA:123,0
DA:128,9
DA:129,9
DA:130,0
DA:132,9
DA:137,7
DA:140,1
DA:141,50
DA:142,0
DA:144,1
DA:146,50
DA:149,0
DA:150,0
DA:159,1
DA:160,1
DA:167,3
DA:169,2
DA:170,2
DA:171,2
DA:173,2
DA:174,42
DA:175,42
DA:176,41
DA:177,41
DA:181,2
LF:58
LH:52
BRDA:52,0,0,1
BRDA:52,0,1,7
BRDA:98,1,0,1
BRDA:98,1,1,0
BRDA:113,2,0,1
BRDA:113,2,1,7
BRDA:121,3,0,7
BRDA:121,3,1,0
BRDA:129,4,0,0
BRDA:129,4,1,9
BRDA:137,5,0,6
BRDA:137,5,1,1
BRDA:144,6,0,1
BRDA:144,6,1,0
BRDA:167,7,0,1
BRDA:167,7,1,2
BRDA:175,8,0,1
BRDA:175,8,1,41
BRDA:181,9,0,2
BRDA:181,9,1,0
BRF:20
BRH:15
end_of_record
TN:
SF:core/src/llm/.gitkeep
FNF:0
FNH:0
LF:0
LH:0
BRF:0
BRH:0
end_of_record
TN:
SF:core/src/llm/router.ts
FN:25,detectProvider
FN:50,createLLM
FN:90,createMainLLM
FN:95,createSubLLM
FN:111,createStructuredLLM
FN:133,streamChat
FN:138,(anonymous_6)
FNF:7
FNH:4
FNDA:24,detectProvider
FNDA:9,createLLM
FNDA:1,createMainLLM
FNDA:1,createSubLLM
FNDA:0,createStructuredLLM
FNDA:0,streamChat
FNDA:0,(anonymous_6)
DA:26,24
DA:27,12
DA:29,12
DA:30,5
DA:32,7
DA:33,4
DA:36,3
DA:51,9
DA:53,9
DA:55,7
DA:61,7
DA:62,0
DA:64,7
DA:68,1
DA:76,1
DA:91,1
DA:96,1
DA:117,0
DA:118,0
DA:122,0
DA:124,0
DA:126,0
DA:137,0
DA:138,0
DA:144,0
DA:145,0
DA:146,0
LF:27
LH:16
BRDA:26,0,0,12
BRDA:26,0,1,12
BRDA:26,1,0,24
BRDA:26,1,1,16
BRDA:26,1,2,13
BRDA:29,2,0,5
BRDA:29,2,1,7
BRDA:32,3,0,4
BRDA:32,3,1,3
BRDA:50,4,0,9
BRDA:53,5,0,7
BRDA:53,5,1,1
BRDA:53,5,2,1
BRDA:61,6,0,0
BRDA:61,6,1,7
BRDA:115,7,0,0
BRDA:122,8,0,0
BRDA:122,8,1,0
BRDA:122,8,2,0
BRDA:124,9,0,0
BRDA:124,9,1,0
BRDA:145,10,0,0
BRDA:145,10,1,0
BRDA:146,11,0,0
BRDA:146,11,1,0
BRF:25
BRH:14
end_of_record
TN:
SF:core/src/review/fast-review.ts
FN:78,normalizeSeverity
FN:100,normalizeCategory
FN:102,(anonymous_2)
FN:120,runFastReview
FN:188,(anonymous_4)
FN:225,invokeStructured
FN:237,(anonymous_6)
FN:256,invokeRawWithParser
FN:273,detectDiffFileType
FN:274,(anonymous_9)
FN:292,(anonymous_10)
FN:312,getFileTypePersona
FN:325,getFileTypeInstructions
FN:367,getAntiEmptyInstruction
FN:384,buildPrompt
FN:478,(anonymous_15)
FN:500,(anonymous_16)
FN:516,buildFocusedRetryPrompt
FN:583,parseLocation
FN:599,normalizeFinding
FN:678,parseLLMResponse
FN:735,extractDiffLineMap
FN:783,validateWithSnap
FN:812,(anonymous_23)
FN:851,buildSummary
FN:883,mapAlternateSeverity
FNF:26
FNH:23
FNDA:128,normalizeSeverity
FNDA:128,normalizeCategory
FNDA:863,(anonymous_2)
FNDA:10,runFastReview
FNDA:2,(anonymous_4)
FNDA:10,invokeStructured
FNDA:0,(anonymous_6)
FNDA:10,invokeRawWithParser
FNDA:20,detectDiffFileType
FNDA:22,(anonymous_9)
FNDA:132,(anonymous_10)
FNDA:10,getFileTypePersona
FNDA:10,getFileTypeInstructions
FNDA:10,getAntiEmptyInstruction
FNDA:10,buildPrompt
FNDA:2,(anonymous_15)
FNDA:1,(anonymous_16)
FNDA:0,buildFocusedRetryPrompt
FNDA:0,parseLocation
FNDA:135,normalizeFinding
FNDA:40,parseLLMResponse
FNDA:21,extractDiffLineMap
FNDA:10,validateWithSnap
FNDA:4,(anonymous_23)
FNDA:10,buildSummary
FNDA:2,mapAlternateSeverity
DA:22,2
DA:46,2
DA:56,2
DA:79,128
DA:80,128
DA:81,2
DA:88,2
DA:101,128
DA:102,863
DA:124,10
DA:125,10
DA:136,10
DA:139,10
DA:143,10
DA:144,10
DA:145,0
DA:148,10
DA:149,10
DA:151,0
DA:153,10
DA:158,10
DA:159,0
DA:160,0
DA:161,0
DA:162,0
DA:167,10
DA:168,10
DA:169,0
DA:170,0
DA:171,0
DA:172,0
DA:173,0
DA:174,0
DA:181,10
DA:184,10
DA:185,10
DA:187,10
DA:188,10
DA:195,10
DA:198,10
DA:200,10
DA:201,10
DA:202,10
DA:204,10
DA:205,5
DA:206,5
DA:208,0
DA:212,10
DA:214,10
DA:228,10
DA:235,10
DA:237,0
DA:260,10
DA:261,10
DA:263,10
DA:264,10
DA:274,20
DA:275,22
DA:276,22
DA:279,20
DA:280,20
DA:281,20
DA:283,20
DA:284,20
DA:285,20
DA:286,20
DA:288,20
DA:289,22
DA:290,22
DA:292,132
DA:293,0
DA:294,22
DA:295,0
DA:296,22
DA:297,0
DA:299,22
DA:303,20
DA:304,20
DA:305,20
DA:306,20
DA:307,20
DA:308,20
DA:309,0
DA:313,10
DA:315,0
DA:317,0
DA:319,0
DA:321,10
DA:326,10
DA:328,0
DA:340,0
DA:352,0
DA:363,10
DA:368,10
DA:370,0
DA:388,10
DA:389,10
DA:390,10
DA:391,10
DA:393,10
DA:469,10
DA:470,1
DA:473,10
DA:474,1
DA:478,2
DA:482,10
DA:488,10
DA:489,10
DA:492,10
DA:494,10
DA:495,1
DA:501,1
DA:506,10
DA:520,0
DA:522,0
DA:528,0
DA:584,0
DA:585,0
DA:586,0
DA:587,0
DA:588,0
DA:612,135
DA:613,135
DA:614,135
DA:616,135
DA:617,0
DA:618,0
DA:619,0
DA:620,0
DA:621,0
DA:626,135
DA:627,0
DA:628,0
DA:629,0
DA:630,0
DA:631,0
DA:632,0
DA:636,0
DA:641,135
DA:643,135
DA:646,130
DA:647,135
DA:650,135
DA:651,0
DA:653,0
DA:654,0
DA:655,0
DA:658,130
DA:660,128
DA:661,135
DA:663,135
DA:664,135
DA:666,135
DA:679,40
DA:685,40
DA:686,40
DA:688,4
DA:689,4
DA:690,1
DA:691,1
DA:693,0
DA:697,37
DA:699,33
DA:700,33
DA:701,135
DA:702,135
DA:704,128
DA:725,33
DA:736,21
DA:737,21
DA:739,21
DA:740,21
DA:742,21
DA:743,21
DA:745,21
DA:746,164
DA:747,164
DA:748,21
DA:749,21
DA:750,21
DA:753,143
DA:754,143
DA:755,21
DA:756,21
DA:759,122
DA:761,121
DA:762,23
DA:763,23
DA:764,98
DA:768,50
DA:769,50
DA:773,21
DA:777,2
DA:787,10
DA:788,10
DA:790,10
DA:791,10
DA:792,10
DA:793,1
DA:794,1
DA:798,9
DA:799,9
DA:800,9
DA:801,8
DA:802,8
DA:806,9
DA:807,8
DA:808,8
DA:812,4
DA:813,1
DA:815,1
DA:816,1
DA:817,1
DA:818,4
DA:819,4
DA:820,4
DA:821,4
DA:825,1
DA:826,0
DA:827,0
DA:840,1
DA:844,10
DA:856,10
DA:863,10
DA:864,8
DA:867,10
DA:868,10
DA:870,10
DA:884,2
DA:885,0
DA:887,2
DA:888,2
DA:890,0
DA:891,0
DA:893,0
LF:235
LH:179
BRDA:80,0,0,126
BRDA:80,0,1,2
BRDA:102,1,0,23
BRDA:102,1,1,105
BRDA:136,2,0,2
BRDA:136,2,1,8
BRDA:158,3,0,0
BRDA:158,3,1,10
BRDA:158,4,0,10
BRDA:158,4,1,5
BRDA:160,5,0,0
BRDA:160,5,1,0
BRDA:168,6,0,0
BRDA:168,6,1,10
BRDA:168,7,0,10
BRDA:168,7,1,5
BRDA:172,8,0,0
BRDA:172,8,1,0
BRDA:204,9,0,5
BRDA:204,9,1,5
BRDA:205,10,0,5
BRDA:205,10,1,0
BRDA:246,11,0,0
BRDA:246,11,1,0
BRDA:263,12,0,10
BRDA:263,12,1,0
BRDA:276,13,0,22
BRDA:276,13,1,0
BRDA:292,14,0,0
BRDA:292,14,1,22
BRDA:294,15,0,0
BRDA:294,15,1,22
BRDA:296,16,0,0
BRDA:296,16,1,22
BRDA:304,17,0,0
BRDA:304,17,1,20
BRDA:305,18,0,0
BRDA:305,18,1,20
BRDA:306,19,0,0
BRDA:306,19,1,20
BRDA:307,20,0,0
BRDA:307,20,1,20
BRDA:308,21,0,20
BRDA:308,21,1,0
BRDA:313,22,0,0
BRDA:313,22,1,0
BRDA:313,22,2,0
BRDA:313,22,3,10
BRDA:326,23,0,0
BRDA:326,23,1,0
BRDA:326,23,2,0
BRDA:326,23,3,10
BRDA:368,24,0,10
BRDA:368,24,1,0
BRDA:368,25,0,10
BRDA:368,25,1,0
BRDA:372,26,0,0
BRDA:372,26,1,0
BRDA:372,27,0,0
BRDA:372,27,1,0
BRDA:469,28,0,1
BRDA:469,28,1,9
BRDA:473,29,0,1
BRDA:473,29,1,9
BRDA:488,30,0,10
BRDA:488,30,1,0
BRDA:494,31,0,1
BRDA:494,31,1,9
BRDA:522,32,0,0
BRDA:522,32,1,0
BRDA:524,33,0,0
BRDA:524,33,1,0
BRDA:586,34,0,0
BRDA:586,34,1,0
BRDA:591,35,0,0
BRDA:591,35,1,0
BRDA:612,36,0,135
BRDA:612,36,1,3
BRDA:613,37,0,135
BRDA:613,37,1,3
BRDA:616,38,0,0
BRDA:616,38,1,135
BRDA:616,39,0,135
BRDA:616,39,1,132
BRDA:616,39,2,5
BRDA:618,40,0,0
BRDA:618,40,1,0
BRDA:619,41,0,0
BRDA:619,41,1,0
BRDA:620,42,0,0
BRDA:620,42,1,0
BRDA:621,43,0,0
BRDA:621,43,1,0
BRDA:626,44,0,0
BRDA:626,44,1,135
BRDA:626,45,0,135
BRDA:626,45,1,3
BRDA:626,45,2,0
BRDA:627,46,0,0
BRDA:627,46,1,0
BRDA:627,46,2,0
BRDA:627,46,3,0
BRDA:627,46,4,0
BRDA:629,47,0,0
BRDA:629,47,1,0
BRDA:630,48,0,0
BRDA:630,48,1,0
BRDA:630,49,0,0
BRDA:630,49,1,0
BRDA:630,49,2,0
BRDA:636,50,0,0
BRDA:636,50,1,0
BRDA:641,51,0,0
BRDA:641,51,1,135
BRDA:641,52,0,135
BRDA:641,52,1,132
BRDA:641,52,2,2
BRDA:643,53,0,5
BRDA:643,53,1,130
BRDA:643,54,0,135
BRDA:643,54,1,132
BRDA:646,55,0,130
BRDA:646,55,1,1
BRDA:647,56,0,135
BRDA:647,56,1,1
BRDA:647,56,2,1
BRDA:650,57,0,0
BRDA:650,57,1,135
BRDA:650,58,0,135
BRDA:650,58,1,1
BRDA:654,59,0,0
BRDA:654,59,1,0
BRDA:658,60,0,2
BRDA:658,60,1,128
BRDA:658,61,0,130
BRDA:658,61,1,129
BRDA:660,62,0,128
BRDA:660,62,1,0
BRDA:660,62,2,0
BRDA:663,63,0,135
BRDA:663,63,1,1
BRDA:671,64,0,135
BRDA:671,64,1,120
BRDA:674,65,0,135
BRDA:674,65,1,126
BRDA:674,65,2,126
BRDA:689,66,0,3
BRDA:689,66,1,1
BRDA:697,67,0,4
BRDA:697,67,1,33
BRDA:702,68,0,7
BRDA:702,68,1,128
BRDA:747,69,0,21
BRDA:747,69,1,143
BRDA:749,70,0,21
BRDA:749,70,1,0
BRDA:754,71,0,21
BRDA:754,71,1,122
BRDA:759,72,0,1
BRDA:759,72,1,121
BRDA:761,73,0,23
BRDA:761,73,1,98
BRDA:761,74,0,121
BRDA:761,74,1,43
BRDA:764,75,0,5
BRDA:764,75,1,93
BRDA:764,76,0,98
BRDA:764,76,1,25
BRDA:764,77,0,50
BRDA:764,77,1,43
BRDA:792,78,0,1
BRDA:792,78,1,9
BRDA:792,79,0,10
BRDA:792,79,1,9
BRDA:800,80,0,8
BRDA:800,80,1,1
BRDA:806,81,0,8
BRDA:806,81,1,1
BRDA:819,82,0,4
BRDA:819,82,1,0
BRDA:825,83,0,0
BRDA:825,83,1,1
BRDA:825,84,0,1
BRDA:825,84,1,1
BRDA:868,85,0,0
BRDA:868,85,1,10
BRDA:884,86,0,0
BRDA:884,86,1,2
BRDA:884,87,0,2
BRDA:884,87,1,2
BRDA:884,87,2,2
BRDA:887,88,0,2
BRDA:887,88,1,0
BRDA:887,89,0,2
BRDA:887,89,1,0
BRDA:890,90,0,0
BRDA:890,90,1,0
BRDA:890,91,0,0
BRDA:890,91,1,0
BRDA:890,91,2,0
BRF:200
BRH:117
end_of_record
TN:
SF:core/src/review/formatter.ts
FN:20,formatSummaryComment
FN:51,formatInlineComment
FNF:2
FNH:2
FNDA:11,formatSummaryComment
FNDA:14,formatInlineComment
DA:7,1
DA:14,1
DA:21,11
DA:22,11
DA:24,11
DA:25,5
DA:27,6
DA:29,6
DA:30,6
DA:31,24
DA:32,24
DA:33,12
DA:37,6
DA:40,11
DA:41,11
DA:44,11
DA:52,14
DA:53,14
DA:55,14
DA:56,2
DA:59,14
DA:60,3
DA:61,3
DA:62,3
DA:65,14
LF:25
LH:25
BRDA:24,0,0,5
BRDA:24,0,1,6
BRDA:32,1,0,12
BRDA:32,1,1,12
BRDA:37,2,0,2
BRDA:37,2,1,4
BRDA:55,3,0,2
BRDA:55,3,1,12
BRDA:59,4,0,3
BRDA:59,4,1,11
BRDA:59,5,0,14
BRDA:59,5,1,12
BRDA:60,6,0,3
BRDA:60,6,1,1
BRDA:61,7,0,1
BRDA:61,7,1,2
BRF:16
BRH:16
end_of_record
TN:
SF:core/src/review/linters.ts
FN:20,runLinters
FN:49,deduplicateFindings
FN:57,(anonymous_2)
FN:82,runEslint
FN:83,(anonymous_4)
FN:92,runRuff
FN:93,(anonymous_6)
FN:102,runSemgrep
FN:109,runShellcheck
FN:110,(anonymous_9)
FN:119,runGitleaks
FN:135,parseEslintOutput
FN:163,parseRuffOutput
FN:188,parseSemgrepOutput
FN:213,parseShellcheckOutput
FN:238,parseGitleaksOutput
FN:267,exec
FN:299,isExecError
FN:303,linesOverlap
FN:307,safeJsonParse
FN:315,extractEslintFix
FN:321,mapSemgrepSeverity
FNF:22
FNH:19
FNDA:5,runLinters
FNDA:12,deduplicateFindings
FNDA:10,(anonymous_2)
FNDA:2,runEslint
FNDA:3,(anonymous_4)
FNDA:1,runRuff
FNDA:2,(anonymous_6)
FNDA:2,runSemgrep
FNDA:0,runShellcheck
FNDA:0,(anonymous_9)
FNDA:0,runGitleaks
FNDA:13,parseEslintOutput
FNDA:7,parseRuffOutput
FNDA:10,parseSemgrepOutput
FNDA:8,parseShellcheckOutput
FNDA:7,parseGitleaksOutput
FNDA:5,exec
FNDA:2,isExecError
FNDA:9,linesOverlap
FNDA:45,safeJsonParse
FNDA:1,extractEslintFix
FNDA:6,mapSemgrepSeverity
DA:8,3
DA:10,3
DA:21,5
DA:23,4
DA:25,4
DA:26,4
DA:27,4
DA:28,4
DA:29,4
DA:31,4
DA:33,4
DA:34,4
DA:35,5
DA:36,5
DA:41,4
DA:53,12
DA:54,12
DA:56,12
DA:57,11
DA:59,10
DA:62,11
DA:64,7
DA:69,7
DA:71,4
DA:75,12
DA:83,3
DA:84,2
DA:86,2
DA:87,2
DA:89,2
DA:93,2
DA:94,1
DA:96,1
DA:97,1
DA:99,1
DA:103,2
DA:104,2
DA:106,1
DA:110,0
DA:111,0
DA:113,0
DA:114,0
DA:116,0
DA:120,0
DA:126,0
DA:128,0
DA:136,13
DA:137,13
DA:138,13
DA:140,10
DA:141,13
DA:142,10
DA:143,12
DA:160,10
DA:164,7
DA:165,7
DA:166,7
DA:168,6
DA:169,9
DA:170,7
DA:185,6
DA:189,10
DA:190,10
DA:191,10
DA:193,7
DA:194,7
DA:195,6
DA:210,7
DA:214,8
DA:215,8
DA:216,8
DA:218,7
DA:219,8
DA:220,6
DA:235,7
DA:239,7
DA:240,7
DA:241,7
DA:243,5
DA:244,8
DA:245,6
DA:260,5
DA:273,5
DA:274,5
DA:279,4
DA:282,1
DA:283,0
DA:286,1
DA:287,0
DA:288,0
DA:291,1
DA:295,1
DA:300,2
DA:304,9
DA:308,45
DA:309,45
DA:311,6
DA:316,1
DA:318,1
DA:322,6
DA:324,1
DA:326,1
DA:328,4
LF:103
LH:92
BRDA:21,0,0,1
BRDA:21,0,1,4
BRDA:25,1,0,2
BRDA:25,1,1,2
BRDA:26,2,0,1
BRDA:26,2,1,3
BRDA:27,3,0,2
BRDA:27,3,1,2
BRDA:28,4,0,0
BRDA:28,4,1,4
BRDA:29,5,0,0
BRDA:29,5,1,4
BRDA:35,6,0,5
BRDA:35,6,1,0
BRDA:59,7,0,10
BRDA:59,7,1,9
BRDA:62,8,0,7
BRDA:62,8,1,4
BRDA:84,9,0,0
BRDA:84,9,1,2
BRDA:87,10,0,0
BRDA:87,10,1,2
BRDA:94,11,0,0
BRDA:94,11,1,1
BRDA:97,12,0,0
BRDA:97,12,1,1
BRDA:104,13,0,1
BRDA:104,13,1,1
BRDA:111,14,0,0
BRDA:111,14,1,0
BRDA:114,15,0,0
BRDA:114,15,1,0
BRDA:126,16,0,0
BRDA:126,16,1,0
BRDA:138,17,0,3
BRDA:138,17,1,10
BRDA:141,18,0,3
BRDA:141,18,1,10
BRDA:141,19,0,13
BRDA:141,19,1,10
BRDA:144,20,0,12
BRDA:144,20,1,1
BRDA:145,21,0,5
BRDA:145,21,1,7
BRDA:146,22,0,5
BRDA:146,22,1,7
BRDA:149,23,0,12
BRDA:149,23,1,11
BRDA:150,24,0,12
BRDA:150,24,1,1
BRDA:152,25,0,1
BRDA:152,25,1,11
BRDA:166,26,0,1
BRDA:166,26,1,6
BRDA:169,27,0,2
BRDA:169,27,1,7
BRDA:169,28,0,9
BRDA:169,28,1,7
BRDA:169,28,2,7
BRDA:176,29,0,7
BRDA:176,29,1,6
BRDA:191,30,0,3
BRDA:191,30,1,7
BRDA:194,31,0,1
BRDA:194,31,1,6
BRDA:194,32,0,7
BRDA:194,32,1,6
BRDA:194,32,2,6
BRDA:194,32,3,6
BRDA:197,33,0,1
BRDA:197,33,1,5
BRDA:203,34,0,7
BRDA:203,34,1,5
BRDA:216,35,0,1
BRDA:216,35,1,7
BRDA:219,36,0,2
BRDA:219,36,1,6
BRDA:219,37,0,8
BRDA:219,37,1,7
BRDA:219,37,2,6
BRDA:222,38,0,3
BRDA:222,38,1,3
BRDA:223,39,0,3
BRDA:223,39,1,3
BRDA:226,40,0,8
BRDA:226,40,1,5
BRDA:241,41,0,2
BRDA:241,41,1,5
BRDA:244,42,0,2
BRDA:244,42,1,6
BRDA:244,43,0,8
BRDA:244,43,1,6
BRDA:244,43,2,6
BRDA:251,44,0,6
BRDA:251,44,1,5
BRDA:282,45,0,0
BRDA:282,45,1,1
BRDA:282,46,0,1
BRDA:282,46,1,0
BRDA:286,47,0,0
BRDA:286,47,1,1
BRDA:286,48,0,1
BRDA:286,48,1,0
BRDA:293,49,0,1
BRDA:293,49,1,0
BRDA:300,50,0,2
BRDA:300,50,1,2
BRDA:304,51,0,9
BRDA:304,51,1,9
BRDA:316,52,0,0
BRDA:316,52,1,1
BRDA:322,53,0,1
BRDA:322,53,1,1
BRDA:322,53,2,4
BRF:114
BRH:95
end_of_record
TN:
SF:core/src/review/rlm-runner.ts
FN:18,(anonymous_0)
FN:19,(anonymous_1)
FN:22,(anonymous_2)
FN:23,(anonymous_3)
FN:26,(anonymous_4)
FN:27,(anonymous_5)
FN:30,(anonymous_6)
FN:31,(anonymous_7)
FN:34,(anonymous_8)
FN:35,(anonymous_9)
FN:38,(anonymous_10)
FN:39,(anonymous_11)
FN:63,buildReasonNode
FN:71,(anonymous_13)
FN:101,(anonymous_14)
FN:135,buildCodeWriterNode
FN:136,(anonymous_16)
FN:166,buildSandboxNode
FN:167,(anonymous_18)
FN:216,buildObserveNode
FN:217,(anonymous_20)
FN:230,buildFinalizeNode
FN:233,(anonymous_22)
FN:256,(anonymous_23)
FN:282,shouldContinue
FN:306,runRLM
FN:374,buildRLMSystemPrompt
FN:427,(anonymous_27)
FN:433,buildFinalizationPrompt
FN:464,extractCodeBlock
FN:470,extractFetchRequests
FN:472,(anonymous_31)
FN:487,parseRLMFindings
FN:517,(anonymous_33)
FN:518,(anonymous_34)
FN:542,isValidSeverity
FNF:36
FNH:36
FNDA:103,(anonymous_0)
FNDA:49,(anonymous_1)
FNDA:103,(anonymous_2)
FNDA:49,(anonymous_3)
FNDA:103,(anonymous_4)
FNDA:49,(anonymous_5)
FNDA:103,(anonymous_6)
FNDA:49,(anonymous_7)
FNDA:103,(anonymous_8)
FNDA:49,(anonymous_9)
FNDA:103,(anonymous_10)
FNDA:49,(anonymous_11)
FNDA:22,buildReasonNode
FNDA:25,(anonymous_13)
FNDA:87,(anonymous_14)
FNDA:22,buildCodeWriterNode
FNDA:3,(anonymous_16)
FNDA:22,buildSandboxNode
FNDA:3,(anonymous_18)
FNDA:22,buildObserveNode
FNDA:3,(anonymous_20)
FNDA:22,buildFinalizeNode
FNDA:22,(anonymous_22)
FNDA:97,(anonymous_23)
FNDA:25,shouldContinue
FNDA:22,runRLM
FNDA:25,buildRLMSystemPrompt
FNDA:2,(anonymous_27)
FNDA:22,buildFinalizationPrompt
FNDA:6,extractCodeBlock
FNDA:25,extractFetchRequests
FNDA:3,(anonymous_31)
FNDA:22,parseRLMFindings
FNDA:3,(anonymous_33)
FNDA:3,(anonymous_34)
FNDA:11,isValidSeverity
DA:16,2
DA:18,103
DA:19,49
DA:22,103
DA:23,49
DA:26,103
DA:27,49
DA:30,103
DA:31,49
DA:34,103
DA:35,49
DA:38,103
DA:39,49
DA:69,22
DA:71,22
DA:72,25
DA:73,25
DA:75,25
DA:76,25
DA:78,25
DA:84,25
DA:100,25
DA:101,87
DA:108,25
DA:110,25
DA:113,25
DA:114,25
DA:115,25
DA:116,3
DA:117,0
DA:118,0
DA:119,0
DA:124,25
DA:136,22
DA:137,3
DA:138,3
DA:140,3
DA:141,3
DA:143,0
DA:153,3
DA:167,22
DA:168,3
DA:169,3
DA:171,3
DA:172,3
DA:173,0
DA:183,3
DA:186,3
DA:191,3
DA:197,3
DA:205,3
DA:217,22
DA:219,3
DA:231,22
DA:233,22
DA:234,22
DA:240,22
DA:255,22
DA:256,97
DA:263,22
DA:265,22
DA:267,22
DA:284,25
DA:285,1
DA:289,24
DA:290,0
DA:294,24
DA:295,24
DA:296,21
DA:299,3
DA:312,22
DA:313,22
DA:314,22
DA:315,0
DA:321,22
DA:322,22
DA:323,22
DA:324,7
DA:325,7
DA:326,7
DA:330,22
DA:349,22
DA:351,22
DA:367,22
DA:375,25
DA:381,25
DA:382,0
DA:395,25
DA:406,25
DA:422,25
DA:423,1
DA:426,25
DA:427,2
DA:430,25
DA:434,22
DA:466,6
DA:467,6
DA:471,25
DA:472,25
DA:488,22
DA:494,22
DA:495,22
DA:497,2
DA:498,2
DA:499,1
DA:500,1
DA:502,0
DA:506,21
DA:508,21
DA:509,21
DA:510,13
DA:511,13
DA:513,11
DA:514,13
DA:516,13
DA:517,3
DA:518,3
DA:524,13
DA:539,21
DA:543,11
LF:120
LH:111
BRDA:67,0,0,22
BRDA:78,1,0,25
BRDA:78,1,1,0
BRDA:80,2,0,0
BRDA:80,2,1,0
BRDA:108,3,0,24
BRDA:108,3,1,1
BRDA:116,4,0,0
BRDA:116,4,1,3
BRDA:118,5,0,0
BRDA:118,5,1,0
BRDA:138,6,0,0
BRDA:138,6,1,3
BRDA:141,7,0,0
BRDA:141,7,1,3
BRDA:169,8,0,0
BRDA:169,8,1,3
BRDA:172,9,0,0
BRDA:172,9,1,3
BRDA:186,10,0,3
BRDA:186,10,1,0
BRDA:189,11,0,0
BRDA:189,11,1,0
BRDA:200,12,0,3
BRDA:200,12,1,0
BRDA:202,13,0,0
BRDA:202,13,1,3
BRDA:263,14,0,22
BRDA:263,14,1,0
BRDA:284,15,0,1
BRDA:284,15,1,24
BRDA:289,16,0,0
BRDA:289,16,1,24
BRDA:295,17,0,21
BRDA:295,17,1,3
BRDA:295,18,0,24
BRDA:295,18,1,24
BRDA:325,19,0,7
BRDA:325,19,1,0
BRDA:381,20,0,0
BRDA:381,20,1,25
BRDA:422,21,0,1
BRDA:422,21,1,24
BRDA:426,22,0,1
BRDA:426,22,1,24
BRDA:467,23,0,6
BRDA:467,23,1,0
BRDA:498,24,0,1
BRDA:498,24,1,1
BRDA:506,25,0,0
BRDA:506,25,1,21
BRDA:511,26,0,2
BRDA:511,26,1,11
BRDA:511,27,0,13
BRDA:511,27,1,12
BRDA:511,27,2,12
BRDA:511,27,3,11
BRDA:513,28,0,6
BRDA:513,28,1,5
BRDA:514,29,0,9
BRDA:514,29,1,2
BRDA:516,30,0,13
BRDA:516,30,1,9
BRDA:517,31,0,3
BRDA:517,31,1,3
BRDA:521,32,0,3
BRDA:521,32,1,0
BRDA:522,33,0,9
BRDA:522,33,1,8
BRDA:530,34,0,13
BRDA:530,34,1,8
BRDA:543,35,0,11
BRDA:543,35,1,6
BRDA:543,35,2,5
BRDA:543,35,3,4
BRF:75
BRH:53
end_of_record
TN:
SF:core/src/review/snapshot.ts
FN:44,(anonymous_0)
FN:63,(anonymous_1)
FN:91,(anonymous_2)
FN:128,(anonymous_3)
FN:143,(anonymous_4)
FN:148,(anonymous_5)
FN:158,isBinary
FNF:7
FNH:7
FNDA:12,(anonymous_0)
FNDA:12,(anonymous_1)
FNDA:10,(anonymous_2)
FNDA:4,(anonymous_3)
FNDA:1,(anonymous_4)
FNDA:3,(anonymous_5)
FNDA:9,isBinary
DA:33,12
DA:36,12
DA:39,12
DA:42,12
DA:45,12
DA:46,12
DA:47,12
DA:48,12
DA:51,12
DA:52,4
DA:53,4
DA:65,12
DA:66,12
DA:67,1
DA:71,11
DA:72,11
DA:73,1
DA:77,10
DA:78,0
DA:81,10
DA:82,10
DA:84,10
DA:85,10
DA:87,10
DA:92,10
DA:93,10
DA:96,9
DA:97,1
DA:98,1
DA:102,8
DA:103,1
DA:104,1
DA:108,7
DA:109,7
DA:110,1
DA:111,1
DA:114,6
DA:115,6
DA:116,6
DA:119,1
DA:120,1
DA:129,4
DA:130,1
DA:133,3
DA:134,3
DA:136,1
DA:139,3
DA:144,1
DA:149,3
DA:159,9
DA:160,9
LF:51
LH:50
BRDA:47,0,0,12
BRDA:47,0,1,10
BRDA:48,1,0,12
BRDA:48,1,1,11
BRDA:52,2,0,4
BRDA:52,2,1,0
BRDA:52,3,0,4
BRDA:52,3,1,4
BRDA:66,4,0,1
BRDA:66,4,1,11
BRDA:66,5,0,12
BRDA:66,5,1,4
BRDA:72,6,0,1
BRDA:72,6,1,10
BRDA:77,7,0,0
BRDA:77,7,1,10
BRDA:96,8,0,1
BRDA:96,8,1,8
BRDA:102,9,0,1
BRDA:102,9,1,7
BRDA:109,10,0,1
BRDA:109,10,1,6
BRDA:129,11,0,1
BRDA:129,11,1,3
BRF:24
BRH:22
end_of_record
TN:
SF:core/src/review/types.ts
FN:88,sortFindings
FN:89,(anonymous_1)
FNF:2
FNH:2
FNDA:18,sortFindings
FNDA:25,(anonymous_1)
DA:80,3
DA:89,25
LF:2
LH:2
BRF:0
BRH:0
end_of_record
TN:
SF:core/src/sandbox/.gitkeep
FNF:0
FNH:0
LF:0
LH:0
BRF:0
BRH:0
end_of_record
TN:
SF:core/src/sandbox/deno-runner.ts
FN:26,verifyDenoInstallation
FN:27,(anonymous_1)
FN:28,(anonymous_2)
FN:74,buildScript
FN:94,executeSandboxed
FN:110,(anonymous_5)
FN:113,(anonymous_6)
FN:138,(anonymous_7)
FNF:8
FNH:8
FNDA:6,verifyDenoInstallation
FNDA:6,(anonymous_1)
FNDA:6,(anonymous_2)
FNDA:12,buildScript
FNDA:12,executeSandboxed
FNDA:12,(anonymous_5)
FNDA:1,(anonymous_6)
FNDA:12,(anonymous_7)
DA:27,6
DA:28,6
DA:29,6
DA:30,1
DA:36,1
DA:39,5
DA:40,5
DA:41,1
DA:42,1
DA:45,4
DA:46,4
DA:47,4
DA:49,4
DA:50,1
DA:56,1
DA:59,3
DA:68,2
DA:75,12
DA:76,12
DA:99,12
DA:100,12
DA:103,12
DA:104,12
DA:105,0
DA:107,12
DA:108,12
DA:110,12
DA:111,12
DA:113,12
DA:114,1
DA:117,12
DA:140,12
DA:141,12
DA:144,12
DA:145,12
DA:150,12
DA:151,1
DA:157,1
DA:162,11
DA:163,12
DA:165,12
LF:41
LH:40
BRDA:29,0,0,1
BRDA:29,0,1,5
BRDA:40,1,0,1
BRDA:40,1,1,4
BRDA:49,2,0,1
BRDA:49,2,1,3
BRDA:49,3,0,4
BRDA:49,3,1,4
BRDA:49,3,2,3
BRDA:96,4,0,12
BRDA:97,5,0,12
BRDA:104,6,0,0
BRDA:104,6,1,12
BRDA:134,7,0,12
BRDA:134,7,1,0
BRDA:135,8,0,12
BRDA:135,8,1,0
BRDA:136,9,0,12
BRDA:136,9,1,12
BRDA:150,10,0,1
BRDA:150,10,1,11
BRDA:150,11,0,12
BRDA:150,11,1,4
BRDA:162,12,0,3
BRDA:162,12,1,8
BRDA:163,13,0,10
BRDA:163,13,1,1
BRDA:166,14,0,11
BRDA:166,14,1,0
BRDA:167,15,0,11
BRDA:167,15,1,0
BRF:31
BRH:26
end_of_record
TN:
SF:core/src/server/.gitkeep
FNF:0
FNH:0
LF:0
LH:0
BRF:0
BRH:0
end_of_record
TN:
SF:core/src/trace/.gitkeep
FNF:0
FNH:0
LF:0
LH:0
BRF:0
BRH:0
end_of_record
TN:
SF:core/src/trace/logger.ts
FN:36,scrubSecrets
FN:54,(anonymous_1)
FN:69,(anonymous_2)
FN:92,(anonymous_3)
FN:111,(anonymous_4)
FN:117,(anonymous_5)
FN:132,(anonymous_6)
FN:161,(anonymous_7)
FNF:8
FNH:8
FNDA:41,scrubSecrets
FNDA:20,(anonymous_1)
FNDA:2,(anonymous_2)
FNDA:11,(anonymous_3)
FNDA:3,(anonymous_4)
FNDA:2,(anonymous_5)
FNDA:20,(anonymous_6)
FNDA:2,(anonymous_7)
DA:28,2
DA:37,41
DA:38,41
DA:39,205
DA:41,41
DA:50,20
DA:55,20
DA:56,20
DA:58,20
DA:59,20
DA:60,1
DA:63,20
DA:64,20
DA:65,20
DA:74,2
DA:98,11
DA:112,3
DA:117,2
DA:133,20
DA:135,20
DA:145,20
DA:151,20
DA:152,20
DA:153,20
DA:162,2
LF:25
LH:25
BRDA:59,0,0,1
BRDA:59,0,1,19
BRDA:104,1,0,6
BRDA:104,1,1,5
BRDA:105,2,0,4
BRDA:105,2,1,7
BRDA:140,3,0,20
BRDA:140,3,1,14
BRF:8
BRH:8
end_of_record
